[2023-03-25 09:24:12] local.ERROR: SQLSTATE[HY000] [1698] Access denied for user 'root'@'localhost' (SQL: select * from information_schema.tables where table_schema = tbcstar and table_name = migrations and table_type = 'BASE TABLE') {"exception":"[object] (Illuminate\\Database\\QueryException(code: 1698): SQLSTATE[HY000] [1698] Access denied for user 'root'@'localhost' (SQL: select * from information_schema.tables where table_schema = tbcstar and table_name = migrations and table_type = 'BASE TABLE') at /www/wwwroot/panel.tbcstar.com/vendor/laravel/framework/src/Illuminate/Database/Connection.php:712)
[stacktrace]
#0 /www/wwwroot/panel.tbcstar.com/vendor/laravel/framework/src/Illuminate/Database/Connection.php(672): Illuminate\\Database\\Connection->runQueryCallback()
#1 /www/wwwroot/panel.tbcstar.com/vendor/laravel/framework/src/Illuminate/Database/Connection.php(376): Illuminate\\Database\\Connection->run()
#2 /www/wwwroot/panel.tbcstar.com/vendor/laravel/framework/src/Illuminate/Database/Schema/MySqlBuilder.php(44): Illuminate\\Database\\Connection->select()
#3 /www/wwwroot/panel.tbcstar.com/vendor/laravel/framework/src/Illuminate/Database/Migrations/DatabaseMigrationRepository.php(169): Illuminate\\Database\\Schema\\MySqlBuilder->hasTable()
#4 /www/wwwroot/panel.tbcstar.com/vendor/laravel/framework/src/Illuminate/Database/Migrations/Migrator.php(673): Illuminate\\Database\\Migrations\\DatabaseMigrationRepository->repositoryExists()
#5 /www/wwwroot/panel.tbcstar.com/vendor/laravel/framework/src/Illuminate/Database/Console/Migrations/MigrateCommand.php(106): Illuminate\\Database\\Migrations\\Migrator->repositoryExists()
#6 /www/wwwroot/panel.tbcstar.com/vendor/laravel/framework/src/Illuminate/Database/Console/Migrations/MigrateCommand.php(77): Illuminate\\Database\\Console\\Migrations\\MigrateCommand->prepareDatabase()
#7 /www/wwwroot/panel.tbcstar.com/vendor/laravel/framework/src/Illuminate/Database/Migrations/Migrator.php(606): Illuminate\\Database\\Console\\Migrations\\MigrateCommand->Illuminate\\Database\\Console\\Migrations\\{closure}()
#8 /www/wwwroot/panel.tbcstar.com/vendor/laravel/framework/src/Illuminate/Database/Console/Migrations/MigrateCommand.php(94): Illuminate\\Database\\Migrations\\Migrator->usingConnection()
#9 /www/wwwroot/panel.tbcstar.com/vendor/laravel/framework/src/Illuminate/Container/BoundMethod.php(36): Illuminate\\Database\\Console\\Migrations\\MigrateCommand->handle()
#10 /www/wwwroot/panel.tbcstar.com/vendor/laravel/framework/src/Illuminate/Container/Util.php(41): Illuminate\\Container\\BoundMethod::Illuminate\\Container\\{closure}()
#11 /www/wwwroot/panel.tbcstar.com/vendor/laravel/framework/src/Illuminate/Container/BoundMethod.php(93): Illuminate\\Container\\Util::unwrapIfClosure()
#12 /www/wwwroot/panel.tbcstar.com/vendor/laravel/framework/src/Illuminate/Container/BoundMethod.php(37): Illuminate\\Container\\BoundMethod::callBoundMethod()
#13 /www/wwwroot/panel.tbcstar.com/vendor/laravel/framework/src/Illuminate/Container/Container.php(653): Illuminate\\Container\\BoundMethod::call()
#14 /www/wwwroot/panel.tbcstar.com/vendor/laravel/framework/src/Illuminate/Console/Command.php(136): Illuminate\\Container\\Container->call()
#15 /www/wwwroot/panel.tbcstar.com/vendor/symfony/console/Command/Command.php(291): Illuminate\\Console\\Command->execute()
#16 /www/wwwroot/panel.tbcstar.com/vendor/laravel/framework/src/Illuminate/Console/Command.php(121): Symfony\\Component\\Console\\Command\\Command->run()
#17 /www/wwwroot/panel.tbcstar.com/vendor/symfony/console/Application.php(989): Illuminate\\Console\\Command->run()
#18 /www/wwwroot/panel.tbcstar.com/vendor/symfony/console/Application.php(299): Symfony\\Component\\Console\\Application->doRunCommand()
#19 /www/wwwroot/panel.tbcstar.com/vendor/symfony/console/Application.php(171): Symfony\\Component\\Console\\Application->doRun()
#20 /www/wwwroot/panel.tbcstar.com/vendor/laravel/framework/src/Illuminate/Console/Application.php(102): Symfony\\Component\\Console\\Application->run()
#21 /www/wwwroot/panel.tbcstar.com/vendor/laravel/framework/src/Illuminate/Foundation/Console/Kernel.php(129): Illuminate\\Console\\Application->run()
#22 /www/wwwroot/panel.tbcstar.com/artisan(37): Illuminate\\Foundation\\Console\\Kernel->handle()
#23 {main}

[previous exception] [object] (PDOException(code: 1698): SQLSTATE[HY000] [1698] Access denied for user 'root'@'localhost' at /www/wwwroot/panel.tbcstar.com/vendor/laravel/framework/src/Illuminate/Database/Connectors/Connector.php:70)
[stacktrace]
#0 /www/wwwroot/panel.tbcstar.com/vendor/laravel/framework/src/Illuminate/Database/Connectors/Connector.php(70): PDO->__construct()
#1 /www/wwwroot/panel.tbcstar.com/vendor/laravel/framework/src/Illuminate/Database/Connectors/Connector.php(46): Illuminate\\Database\\Connectors\\Connector->createPdoConnection()
#2 /www/wwwroot/panel.tbcstar.com/vendor/laravel/framework/src/Illuminate/Database/Connectors/MySqlConnector.php(24): Illuminate\\Database\\Connectors\\Connector->createConnection()
#3 /www/wwwroot/panel.tbcstar.com/vendor/laravel/framework/src/Illuminate/Database/Connectors/ConnectionFactory.php(184): Illuminate\\Database\\Connectors\\MySqlConnector->connect()
#4 [internal function]: Illuminate\\Database\\Connectors\\ConnectionFactory->Illuminate\\Database\\Connectors\\{closure}()
#5 /www/wwwroot/panel.tbcstar.com/vendor/laravel/framework/src/Illuminate/Database/Connection.php(1060): call_user_func()
#6 /www/wwwroot/panel.tbcstar.com/vendor/laravel/framework/src/Illuminate/Database/Connection.php(1096): Illuminate\\Database\\Connection->getPdo()
#7 /www/wwwroot/panel.tbcstar.com/vendor/laravel/framework/src/Illuminate/Database/Connection.php(442): Illuminate\\Database\\Connection->getReadPdo()
#8 /www/wwwroot/panel.tbcstar.com/vendor/laravel/framework/src/Illuminate/Database/Connection.php(368): Illuminate\\Database\\Connection->getPdoForSelect()
#9 /www/wwwroot/panel.tbcstar.com/vendor/laravel/framework/src/Illuminate/Database/Connection.php(705): Illuminate\\Database\\Connection->Illuminate\\Database\\{closure}()
#10 /www/wwwroot/panel.tbcstar.com/vendor/laravel/framework/src/Illuminate/Database/Connection.php(672): Illuminate\\Database\\Connection->runQueryCallback()
#11 /www/wwwroot/panel.tbcstar.com/vendor/laravel/framework/src/Illuminate/Database/Connection.php(376): Illuminate\\Database\\Connection->run()
#12 /www/wwwroot/panel.tbcstar.com/vendor/laravel/framework/src/Illuminate/Database/Schema/MySqlBuilder.php(44): Illuminate\\Database\\Connection->select()
#13 /www/wwwroot/panel.tbcstar.com/vendor/laravel/framework/src/Illuminate/Database/Migrations/DatabaseMigrationRepository.php(169): Illuminate\\Database\\Schema\\MySqlBuilder->hasTable()
#14 /www/wwwroot/panel.tbcstar.com/vendor/laravel/framework/src/Illuminate/Database/Migrations/Migrator.php(673): Illuminate\\Database\\Migrations\\DatabaseMigrationRepository->repositoryExists()
#15 /www/wwwroot/panel.tbcstar.com/vendor/laravel/framework/src/Illuminate/Database/Console/Migrations/MigrateCommand.php(106): Illuminate\\Database\\Migrations\\Migrator->repositoryExists()
#16 /www/wwwroot/panel.tbcstar.com/vendor/laravel/framework/src/Illuminate/Database/Console/Migrations/MigrateCommand.php(77): Illuminate\\Database\\Console\\Migrations\\MigrateCommand->prepareDatabase()
#17 /www/wwwroot/panel.tbcstar.com/vendor/laravel/framework/src/Illuminate/Database/Migrations/Migrator.php(606): Illuminate\\Database\\Console\\Migrations\\MigrateCommand->Illuminate\\Database\\Console\\Migrations\\{closure}()
#18 /www/wwwroot/panel.tbcstar.com/vendor/laravel/framework/src/Illuminate/Database/Console/Migrations/MigrateCommand.php(94): Illuminate\\Database\\Migrations\\Migrator->usingConnection()
#19 /www/wwwroot/panel.tbcstar.com/vendor/laravel/framework/src/Illuminate/Container/BoundMethod.php(36): Illuminate\\Database\\Console\\Migrations\\MigrateCommand->handle()
#20 /www/wwwroot/panel.tbcstar.com/vendor/laravel/framework/src/Illuminate/Container/Util.php(41): Illuminate\\Container\\BoundMethod::Illuminate\\Container\\{closure}()
#21 /www/wwwroot/panel.tbcstar.com/vendor/laravel/framework/src/Illuminate/Container/BoundMethod.php(93): Illuminate\\Container\\Util::unwrapIfClosure()
#22 /www/wwwroot/panel.tbcstar.com/vendor/laravel/framework/src/Illuminate/Container/BoundMethod.php(37): Illuminate\\Container\\BoundMethod::callBoundMethod()
#23 /www/wwwroot/panel.tbcstar.com/vendor/laravel/framework/src/Illuminate/Container/Container.php(653): Illuminate\\Container\\BoundMethod::call()
#24 /www/wwwroot/panel.tbcstar.com/vendor/laravel/framework/src/Illuminate/Console/Command.php(136): Illuminate\\Container\\Container->call()
#25 /www/wwwroot/panel.tbcstar.com/vendor/symfony/console/Command/Command.php(291): Illuminate\\Console\\Command->execute()
#26 /www/wwwroot/panel.tbcstar.com/vendor/laravel/framework/src/Illuminate/Console/Command.php(121): Symfony\\Component\\Console\\Command\\Command->run()
#27 /www/wwwroot/panel.tbcstar.com/vendor/symfony/console/Application.php(989): Illuminate\\Console\\Command->run()
#28 /www/wwwroot/panel.tbcstar.com/vendor/symfony/console/Application.php(299): Symfony\\Component\\Console\\Application->doRunCommand()
#29 /www/wwwroot/panel.tbcstar.com/vendor/symfony/console/Application.php(171): Symfony\\Component\\Console\\Application->doRun()
#30 /www/wwwroot/panel.tbcstar.com/vendor/laravel/framework/src/Illuminate/Console/Application.php(102): Symfony\\Component\\Console\\Application->run()
#31 /www/wwwroot/panel.tbcstar.com/vendor/laravel/framework/src/Illuminate/Foundation/Console/Kernel.php(129): Illuminate\\Console\\Application->run()
#32 /www/wwwroot/panel.tbcstar.com/artisan(37): Illuminate\\Foundation\\Console\\Kernel->handle()
#33 {main}
"} 
[2023-03-25 09:24:57] local.ERROR: SQLSTATE[HY000] [1698] Access denied for user 'root'@'localhost' (SQL: select * from information_schema.tables where table_schema = tbcstar and table_name = migrations and table_type = 'BASE TABLE') {"exception":"[object] (Illuminate\\Database\\QueryException(code: 1698): SQLSTATE[HY000] [1698] Access denied for user 'root'@'localhost' (SQL: select * from information_schema.tables where table_schema = tbcstar and table_name = migrations and table_type = 'BASE TABLE') at /www/wwwroot/panel.tbcstar.com/vendor/laravel/framework/src/Illuminate/Database/Connection.php:712)
[stacktrace]
#0 /www/wwwroot/panel.tbcstar.com/vendor/laravel/framework/src/Illuminate/Database/Connection.php(672): Illuminate\\Database\\Connection->runQueryCallback()
#1 /www/wwwroot/panel.tbcstar.com/vendor/laravel/framework/src/Illuminate/Database/Connection.php(376): Illuminate\\Database\\Connection->run()
#2 /www/wwwroot/panel.tbcstar.com/vendor/laravel/framework/src/Illuminate/Database/Schema/MySqlBuilder.php(44): Illuminate\\Database\\Connection->select()
#3 /www/wwwroot/panel.tbcstar.com/vendor/laravel/framework/src/Illuminate/Database/Migrations/DatabaseMigrationRepository.php(169): Illuminate\\Database\\Schema\\MySqlBuilder->hasTable()
#4 /www/wwwroot/panel.tbcstar.com/vendor/laravel/framework/src/Illuminate/Database/Migrations/Migrator.php(673): Illuminate\\Database\\Migrations\\DatabaseMigrationRepository->repositoryExists()
#5 /www/wwwroot/panel.tbcstar.com/vendor/laravel/framework/src/Illuminate/Database/Console/Migrations/MigrateCommand.php(106): Illuminate\\Database\\Migrations\\Migrator->repositoryExists()
#6 /www/wwwroot/panel.tbcstar.com/vendor/laravel/framework/src/Illuminate/Database/Console/Migrations/MigrateCommand.php(77): Illuminate\\Database\\Console\\Migrations\\MigrateCommand->prepareDatabase()
#7 /www/wwwroot/panel.tbcstar.com/vendor/laravel/framework/src/Illuminate/Database/Migrations/Migrator.php(606): Illuminate\\Database\\Console\\Migrations\\MigrateCommand->Illuminate\\Database\\Console\\Migrations\\{closure}()
#8 /www/wwwroot/panel.tbcstar.com/vendor/laravel/framework/src/Illuminate/Database/Console/Migrations/MigrateCommand.php(94): Illuminate\\Database\\Migrations\\Migrator->usingConnection()
#9 /www/wwwroot/panel.tbcstar.com/vendor/laravel/framework/src/Illuminate/Container/BoundMethod.php(36): Illuminate\\Database\\Console\\Migrations\\MigrateCommand->handle()
#10 /www/wwwroot/panel.tbcstar.com/vendor/laravel/framework/src/Illuminate/Container/Util.php(41): Illuminate\\Container\\BoundMethod::Illuminate\\Container\\{closure}()
#11 /www/wwwroot/panel.tbcstar.com/vendor/laravel/framework/src/Illuminate/Container/BoundMethod.php(93): Illuminate\\Container\\Util::unwrapIfClosure()
#12 /www/wwwroot/panel.tbcstar.com/vendor/laravel/framework/src/Illuminate/Container/BoundMethod.php(37): Illuminate\\Container\\BoundMethod::callBoundMethod()
#13 /www/wwwroot/panel.tbcstar.com/vendor/laravel/framework/src/Illuminate/Container/Container.php(653): Illuminate\\Container\\BoundMethod::call()
#14 /www/wwwroot/panel.tbcstar.com/vendor/laravel/framework/src/Illuminate/Console/Command.php(136): Illuminate\\Container\\Container->call()
#15 /www/wwwroot/panel.tbcstar.com/vendor/symfony/console/Command/Command.php(291): Illuminate\\Console\\Command->execute()
#16 /www/wwwroot/panel.tbcstar.com/vendor/laravel/framework/src/Illuminate/Console/Command.php(121): Symfony\\Component\\Console\\Command\\Command->run()
#17 /www/wwwroot/panel.tbcstar.com/vendor/symfony/console/Application.php(989): Illuminate\\Console\\Command->run()
#18 /www/wwwroot/panel.tbcstar.com/vendor/symfony/console/Application.php(299): Symfony\\Component\\Console\\Application->doRunCommand()
#19 /www/wwwroot/panel.tbcstar.com/vendor/symfony/console/Application.php(171): Symfony\\Component\\Console\\Application->doRun()
#20 /www/wwwroot/panel.tbcstar.com/vendor/laravel/framework/src/Illuminate/Console/Application.php(102): Symfony\\Component\\Console\\Application->run()
#21 /www/wwwroot/panel.tbcstar.com/vendor/laravel/framework/src/Illuminate/Foundation/Console/Kernel.php(129): Illuminate\\Console\\Application->run()
#22 /www/wwwroot/panel.tbcstar.com/artisan(37): Illuminate\\Foundation\\Console\\Kernel->handle()
#23 {main}

[previous exception] [object] (PDOException(code: 1698): SQLSTATE[HY000] [1698] Access denied for user 'root'@'localhost' at /www/wwwroot/panel.tbcstar.com/vendor/laravel/framework/src/Illuminate/Database/Connectors/Connector.php:70)
[stacktrace]
#0 /www/wwwroot/panel.tbcstar.com/vendor/laravel/framework/src/Illuminate/Database/Connectors/Connector.php(70): PDO->__construct()
#1 /www/wwwroot/panel.tbcstar.com/vendor/laravel/framework/src/Illuminate/Database/Connectors/Connector.php(46): Illuminate\\Database\\Connectors\\Connector->createPdoConnection()
#2 /www/wwwroot/panel.tbcstar.com/vendor/laravel/framework/src/Illuminate/Database/Connectors/MySqlConnector.php(24): Illuminate\\Database\\Connectors\\Connector->createConnection()
#3 /www/wwwroot/panel.tbcstar.com/vendor/laravel/framework/src/Illuminate/Database/Connectors/ConnectionFactory.php(184): Illuminate\\Database\\Connectors\\MySqlConnector->connect()
#4 [internal function]: Illuminate\\Database\\Connectors\\ConnectionFactory->Illuminate\\Database\\Connectors\\{closure}()
#5 /www/wwwroot/panel.tbcstar.com/vendor/laravel/framework/src/Illuminate/Database/Connection.php(1060): call_user_func()
#6 /www/wwwroot/panel.tbcstar.com/vendor/laravel/framework/src/Illuminate/Database/Connection.php(1096): Illuminate\\Database\\Connection->getPdo()
#7 /www/wwwroot/panel.tbcstar.com/vendor/laravel/framework/src/Illuminate/Database/Connection.php(442): Illuminate\\Database\\Connection->getReadPdo()
#8 /www/wwwroot/panel.tbcstar.com/vendor/laravel/framework/src/Illuminate/Database/Connection.php(368): Illuminate\\Database\\Connection->getPdoForSelect()
#9 /www/wwwroot/panel.tbcstar.com/vendor/laravel/framework/src/Illuminate/Database/Connection.php(705): Illuminate\\Database\\Connection->Illuminate\\Database\\{closure}()
#10 /www/wwwroot/panel.tbcstar.com/vendor/laravel/framework/src/Illuminate/Database/Connection.php(672): Illuminate\\Database\\Connection->runQueryCallback()
#11 /www/wwwroot/panel.tbcstar.com/vendor/laravel/framework/src/Illuminate/Database/Connection.php(376): Illuminate\\Database\\Connection->run()
#12 /www/wwwroot/panel.tbcstar.com/vendor/laravel/framework/src/Illuminate/Database/Schema/MySqlBuilder.php(44): Illuminate\\Database\\Connection->select()
#13 /www/wwwroot/panel.tbcstar.com/vendor/laravel/framework/src/Illuminate/Database/Migrations/DatabaseMigrationRepository.php(169): Illuminate\\Database\\Schema\\MySqlBuilder->hasTable()
#14 /www/wwwroot/panel.tbcstar.com/vendor/laravel/framework/src/Illuminate/Database/Migrations/Migrator.php(673): Illuminate\\Database\\Migrations\\DatabaseMigrationRepository->repositoryExists()
#15 /www/wwwroot/panel.tbcstar.com/vendor/laravel/framework/src/Illuminate/Database/Console/Migrations/MigrateCommand.php(106): Illuminate\\Database\\Migrations\\Migrator->repositoryExists()
#16 /www/wwwroot/panel.tbcstar.com/vendor/laravel/framework/src/Illuminate/Database/Console/Migrations/MigrateCommand.php(77): Illuminate\\Database\\Console\\Migrations\\MigrateCommand->prepareDatabase()
#17 /www/wwwroot/panel.tbcstar.com/vendor/laravel/framework/src/Illuminate/Database/Migrations/Migrator.php(606): Illuminate\\Database\\Console\\Migrations\\MigrateCommand->Illuminate\\Database\\Console\\Migrations\\{closure}()
#18 /www/wwwroot/panel.tbcstar.com/vendor/laravel/framework/src/Illuminate/Database/Console/Migrations/MigrateCommand.php(94): Illuminate\\Database\\Migrations\\Migrator->usingConnection()
#19 /www/wwwroot/panel.tbcstar.com/vendor/laravel/framework/src/Illuminate/Container/BoundMethod.php(36): Illuminate\\Database\\Console\\Migrations\\MigrateCommand->handle()
#20 /www/wwwroot/panel.tbcstar.com/vendor/laravel/framework/src/Illuminate/Container/Util.php(41): Illuminate\\Container\\BoundMethod::Illuminate\\Container\\{closure}()
#21 /www/wwwroot/panel.tbcstar.com/vendor/laravel/framework/src/Illuminate/Container/BoundMethod.php(93): Illuminate\\Container\\Util::unwrapIfClosure()
#22 /www/wwwroot/panel.tbcstar.com/vendor/laravel/framework/src/Illuminate/Container/BoundMethod.php(37): Illuminate\\Container\\BoundMethod::callBoundMethod()
#23 /www/wwwroot/panel.tbcstar.com/vendor/laravel/framework/src/Illuminate/Container/Container.php(653): Illuminate\\Container\\BoundMethod::call()
#24 /www/wwwroot/panel.tbcstar.com/vendor/laravel/framework/src/Illuminate/Console/Command.php(136): Illuminate\\Container\\Container->call()
#25 /www/wwwroot/panel.tbcstar.com/vendor/symfony/console/Command/Command.php(291): Illuminate\\Console\\Command->execute()
#26 /www/wwwroot/panel.tbcstar.com/vendor/laravel/framework/src/Illuminate/Console/Command.php(121): Symfony\\Component\\Console\\Command\\Command->run()
#27 /www/wwwroot/panel.tbcstar.com/vendor/symfony/console/Application.php(989): Illuminate\\Console\\Command->run()
#28 /www/wwwroot/panel.tbcstar.com/vendor/symfony/console/Application.php(299): Symfony\\Component\\Console\\Application->doRunCommand()
#29 /www/wwwroot/panel.tbcstar.com/vendor/symfony/console/Application.php(171): Symfony\\Component\\Console\\Application->doRun()
#30 /www/wwwroot/panel.tbcstar.com/vendor/laravel/framework/src/Illuminate/Console/Application.php(102): Symfony\\Component\\Console\\Application->run()
#31 /www/wwwroot/panel.tbcstar.com/vendor/laravel/framework/src/Illuminate/Foundation/Console/Kernel.php(129): Illuminate\\Console\\Application->run()
#32 /www/wwwroot/panel.tbcstar.com/artisan(37): Illuminate\\Foundation\\Console\\Kernel->handle()
#33 {main}
"} 
[2023-03-25 09:26:52] local.ERROR: SQLSTATE[42S01]: Base table or view already exists: 1050 Table 'sessions' already exists (SQL: create table `sessions` (`id` varchar(255) not null, `user_id` bigint unsigned null, `ip_address` varchar(45) null, `user_agent` text null, `payload` text not null, `last_activity` int not null) default character set utf8mb4 collate 'utf8mb4_unicode_ci') {"exception":"[object] (Illuminate\\Database\\QueryException(code: 42S01): SQLSTATE[42S01]: Base table or view already exists: 1050 Table 'sessions' already exists (SQL: create table `sessions` (`id` varchar(255) not null, `user_id` bigint unsigned null, `ip_address` varchar(45) null, `user_agent` text null, `payload` text not null, `last_activity` int not null) default character set utf8mb4 collate 'utf8mb4_unicode_ci') at /www/wwwroot/panel.tbcstar.com/vendor/laravel/framework/src/Illuminate/Database/Connection.php:712)
[stacktrace]
#0 /www/wwwroot/panel.tbcstar.com/vendor/laravel/framework/src/Illuminate/Database/Connection.php(672): Illuminate\\Database\\Connection->runQueryCallback()
#1 /www/wwwroot/panel.tbcstar.com/vendor/laravel/framework/src/Illuminate/Database/Connection.php(502): Illuminate\\Database\\Connection->run()
#2 /www/wwwroot/panel.tbcstar.com/vendor/laravel/framework/src/Illuminate/Database/Schema/Blueprint.php(109): Illuminate\\Database\\Connection->statement()
#3 /www/wwwroot/panel.tbcstar.com/vendor/laravel/framework/src/Illuminate/Database/Schema/Builder.php(364): Illuminate\\Database\\Schema\\Blueprint->build()
#4 /www/wwwroot/panel.tbcstar.com/vendor/laravel/framework/src/Illuminate/Database/Schema/Builder.php(227): Illuminate\\Database\\Schema\\Builder->build()
#5 /www/wwwroot/panel.tbcstar.com/vendor/laravel/framework/src/Illuminate/Support/Facades/Facade.php(337): Illuminate\\Database\\Schema\\Builder->create()
#6 /www/wwwroot/panel.tbcstar.com/database/migrations/2022_02_23_134253_create_sessions_table.php(23): Illuminate\\Support\\Facades\\Facade::__callStatic()
#7 /www/wwwroot/panel.tbcstar.com/vendor/laravel/framework/src/Illuminate/Database/Migrations/Migrator.php(472): Illuminate\\Database\\Migrations\\Migration@anonymous->up()
#8 /www/wwwroot/panel.tbcstar.com/vendor/laravel/framework/src/Illuminate/Database/Migrations/Migrator.php(394): Illuminate\\Database\\Migrations\\Migrator->runMethod()
#9 /www/wwwroot/panel.tbcstar.com/vendor/laravel/framework/src/Illuminate/Database/Migrations/Migrator.php(403): Illuminate\\Database\\Migrations\\Migrator->Illuminate\\Database\\Migrations\\{closure}()
#10 /www/wwwroot/panel.tbcstar.com/vendor/laravel/framework/src/Illuminate/Database/Migrations/Migrator.php(202): Illuminate\\Database\\Migrations\\Migrator->runMigration()
#11 /www/wwwroot/panel.tbcstar.com/vendor/laravel/framework/src/Illuminate/Database/Migrations/Migrator.php(167): Illuminate\\Database\\Migrations\\Migrator->runUp()
#12 /www/wwwroot/panel.tbcstar.com/vendor/laravel/framework/src/Illuminate/Database/Migrations/Migrator.php(112): Illuminate\\Database\\Migrations\\Migrator->runPending()
#13 /www/wwwroot/panel.tbcstar.com/vendor/laravel/framework/src/Illuminate/Database/Console/Migrations/MigrateCommand.php(85): Illuminate\\Database\\Migrations\\Migrator->run()
#14 /www/wwwroot/panel.tbcstar.com/vendor/laravel/framework/src/Illuminate/Database/Migrations/Migrator.php(606): Illuminate\\Database\\Console\\Migrations\\MigrateCommand->Illuminate\\Database\\Console\\Migrations\\{closure}()
#15 /www/wwwroot/panel.tbcstar.com/vendor/laravel/framework/src/Illuminate/Database/Console/Migrations/MigrateCommand.php(94): Illuminate\\Database\\Migrations\\Migrator->usingConnection()
#16 /www/wwwroot/panel.tbcstar.com/vendor/laravel/framework/src/Illuminate/Container/BoundMethod.php(36): Illuminate\\Database\\Console\\Migrations\\MigrateCommand->handle()
#17 /www/wwwroot/panel.tbcstar.com/vendor/laravel/framework/src/Illuminate/Container/Util.php(41): Illuminate\\Container\\BoundMethod::Illuminate\\Container\\{closure}()
#18 /www/wwwroot/panel.tbcstar.com/vendor/laravel/framework/src/Illuminate/Container/BoundMethod.php(93): Illuminate\\Container\\Util::unwrapIfClosure()
#19 /www/wwwroot/panel.tbcstar.com/vendor/laravel/framework/src/Illuminate/Container/BoundMethod.php(37): Illuminate\\Container\\BoundMethod::callBoundMethod()
#20 /www/wwwroot/panel.tbcstar.com/vendor/laravel/framework/src/Illuminate/Container/Container.php(653): Illuminate\\Container\\BoundMethod::call()
#21 /www/wwwroot/panel.tbcstar.com/vendor/laravel/framework/src/Illuminate/Console/Command.php(136): Illuminate\\Container\\Container->call()
#22 /www/wwwroot/panel.tbcstar.com/vendor/symfony/console/Command/Command.php(291): Illuminate\\Console\\Command->execute()
#23 /www/wwwroot/panel.tbcstar.com/vendor/laravel/framework/src/Illuminate/Console/Command.php(121): Symfony\\Component\\Console\\Command\\Command->run()
#24 /www/wwwroot/panel.tbcstar.com/vendor/symfony/console/Application.php(989): Illuminate\\Console\\Command->run()
#25 /www/wwwroot/panel.tbcstar.com/vendor/symfony/console/Application.php(299): Symfony\\Component\\Console\\Application->doRunCommand()
#26 /www/wwwroot/panel.tbcstar.com/vendor/symfony/console/Application.php(171): Symfony\\Component\\Console\\Application->doRun()
#27 /www/wwwroot/panel.tbcstar.com/vendor/laravel/framework/src/Illuminate/Console/Application.php(102): Symfony\\Component\\Console\\Application->run()
#28 /www/wwwroot/panel.tbcstar.com/vendor/laravel/framework/src/Illuminate/Foundation/Console/Kernel.php(129): Illuminate\\Console\\Application->run()
#29 /www/wwwroot/panel.tbcstar.com/artisan(37): Illuminate\\Foundation\\Console\\Kernel->handle()
#30 {main}

[previous exception] [object] (PDOException(code: 42S01): SQLSTATE[42S01]: Base table or view already exists: 1050 Table 'sessions' already exists at /www/wwwroot/panel.tbcstar.com/vendor/laravel/framework/src/Illuminate/Database/Connection.php:501)
[stacktrace]
#0 /www/wwwroot/panel.tbcstar.com/vendor/laravel/framework/src/Illuminate/Database/Connection.php(501): PDOStatement->execute()
#1 /www/wwwroot/panel.tbcstar.com/vendor/laravel/framework/src/Illuminate/Database/Connection.php(705): Illuminate\\Database\\Connection->Illuminate\\Database\\{closure}()
#2 /www/wwwroot/panel.tbcstar.com/vendor/laravel/framework/src/Illuminate/Database/Connection.php(672): Illuminate\\Database\\Connection->runQueryCallback()
#3 /www/wwwroot/panel.tbcstar.com/vendor/laravel/framework/src/Illuminate/Database/Connection.php(502): Illuminate\\Database\\Connection->run()
#4 /www/wwwroot/panel.tbcstar.com/vendor/laravel/framework/src/Illuminate/Database/Schema/Blueprint.php(109): Illuminate\\Database\\Connection->statement()
#5 /www/wwwroot/panel.tbcstar.com/vendor/laravel/framework/src/Illuminate/Database/Schema/Builder.php(364): Illuminate\\Database\\Schema\\Blueprint->build()
#6 /www/wwwroot/panel.tbcstar.com/vendor/laravel/framework/src/Illuminate/Database/Schema/Builder.php(227): Illuminate\\Database\\Schema\\Builder->build()
#7 /www/wwwroot/panel.tbcstar.com/vendor/laravel/framework/src/Illuminate/Support/Facades/Facade.php(337): Illuminate\\Database\\Schema\\Builder->create()
#8 /www/wwwroot/panel.tbcstar.com/database/migrations/2022_02_23_134253_create_sessions_table.php(23): Illuminate\\Support\\Facades\\Facade::__callStatic()
#9 /www/wwwroot/panel.tbcstar.com/vendor/laravel/framework/src/Illuminate/Database/Migrations/Migrator.php(472): Illuminate\\Database\\Migrations\\Migration@anonymous->up()
#10 /www/wwwroot/panel.tbcstar.com/vendor/laravel/framework/src/Illuminate/Database/Migrations/Migrator.php(394): Illuminate\\Database\\Migrations\\Migrator->runMethod()
#11 /www/wwwroot/panel.tbcstar.com/vendor/laravel/framework/src/Illuminate/Database/Migrations/Migrator.php(403): Illuminate\\Database\\Migrations\\Migrator->Illuminate\\Database\\Migrations\\{closure}()
#12 /www/wwwroot/panel.tbcstar.com/vendor/laravel/framework/src/Illuminate/Database/Migrations/Migrator.php(202): Illuminate\\Database\\Migrations\\Migrator->runMigration()
#13 /www/wwwroot/panel.tbcstar.com/vendor/laravel/framework/src/Illuminate/Database/Migrations/Migrator.php(167): Illuminate\\Database\\Migrations\\Migrator->runUp()
#14 /www/wwwroot/panel.tbcstar.com/vendor/laravel/framework/src/Illuminate/Database/Migrations/Migrator.php(112): Illuminate\\Database\\Migrations\\Migrator->runPending()
#15 /www/wwwroot/panel.tbcstar.com/vendor/laravel/framework/src/Illuminate/Database/Console/Migrations/MigrateCommand.php(85): Illuminate\\Database\\Migrations\\Migrator->run()
#16 /www/wwwroot/panel.tbcstar.com/vendor/laravel/framework/src/Illuminate/Database/Migrations/Migrator.php(606): Illuminate\\Database\\Console\\Migrations\\MigrateCommand->Illuminate\\Database\\Console\\Migrations\\{closure}()
#17 /www/wwwroot/panel.tbcstar.com/vendor/laravel/framework/src/Illuminate/Database/Console/Migrations/MigrateCommand.php(94): Illuminate\\Database\\Migrations\\Migrator->usingConnection()
#18 /www/wwwroot/panel.tbcstar.com/vendor/laravel/framework/src/Illuminate/Container/BoundMethod.php(36): Illuminate\\Database\\Console\\Migrations\\MigrateCommand->handle()
#19 /www/wwwroot/panel.tbcstar.com/vendor/laravel/framework/src/Illuminate/Container/Util.php(41): Illuminate\\Container\\BoundMethod::Illuminate\\Container\\{closure}()
#20 /www/wwwroot/panel.tbcstar.com/vendor/laravel/framework/src/Illuminate/Container/BoundMethod.php(93): Illuminate\\Container\\Util::unwrapIfClosure()
#21 /www/wwwroot/panel.tbcstar.com/vendor/laravel/framework/src/Illuminate/Container/BoundMethod.php(37): Illuminate\\Container\\BoundMethod::callBoundMethod()
#22 /www/wwwroot/panel.tbcstar.com/vendor/laravel/framework/src/Illuminate/Container/Container.php(653): Illuminate\\Container\\BoundMethod::call()
#23 /www/wwwroot/panel.tbcstar.com/vendor/laravel/framework/src/Illuminate/Console/Command.php(136): Illuminate\\Container\\Container->call()
#24 /www/wwwroot/panel.tbcstar.com/vendor/symfony/console/Command/Command.php(291): Illuminate\\Console\\Command->execute()
#25 /www/wwwroot/panel.tbcstar.com/vendor/laravel/framework/src/Illuminate/Console/Command.php(121): Symfony\\Component\\Console\\Command\\Command->run()
#26 /www/wwwroot/panel.tbcstar.com/vendor/symfony/console/Application.php(989): Illuminate\\Console\\Command->run()
#27 /www/wwwroot/panel.tbcstar.com/vendor/symfony/console/Application.php(299): Symfony\\Component\\Console\\Application->doRunCommand()
#28 /www/wwwroot/panel.tbcstar.com/vendor/symfony/console/Application.php(171): Symfony\\Component\\Console\\Application->doRun()
#29 /www/wwwroot/panel.tbcstar.com/vendor/laravel/framework/src/Illuminate/Console/Application.php(102): Symfony\\Component\\Console\\Application->run()
#30 /www/wwwroot/panel.tbcstar.com/vendor/laravel/framework/src/Illuminate/Foundation/Console/Kernel.php(129): Illuminate\\Console\\Application->run()
#31 /www/wwwroot/panel.tbcstar.com/artisan(37): Illuminate\\Foundation\\Console\\Kernel->handle()
#32 {main}
"} 
